{
  "RSpec": {
    "coverage": {
      "/Users/student/Desktop/Week-Challenges/bookmark-manager/app.rb": [
        1,
        1,
        null,
        1,
        1,
        2,
        null,
        null,
        1,
        1,
        1,
        1,
        null,
        null,
        1,
        null
      ],
      "/Users/student/Desktop/Week-Challenges/bookmark-manager/lib/bookmark_list.rb": [
        1,
        null,
        1,
        1,
        2,
        2,
        8,
        null,
        null
      ],
      "/Users/student/Desktop/Week-Challenges/bookmark-manager/spec/bookmarks_list_spec.rb": [
        1,
        1,
        1,
        1,
        1,
        null,
        null,
        null
      ],
      "/Users/student/Desktop/Week-Challenges/bookmark-manager/spec/features/homepage_spec.rb": [
        1,
        1,
        1,
        1,
        null,
        null
      ],
      "/Users/student/Desktop/Week-Challenges/bookmark-manager/spec/features/view_bookmarks_spec.rb": [
        1,
        1,
        1,
        1,
        1,
        1,
        1,
        null,
        null
      ]
    },
    "timestamp": 1578954317
  }
}
